#
# A fatal error has been detected by the Java Runtime Environment:
#
#  EXCEPTION_ACCESS_VIOLATION (0xc0000005) at pc=0x00007ffe1a4bb386, pid=20016, tid=17076
#
# JRE version: OpenJDK Runtime Environment Temurin-18.0.2.1+1 (18.0.2.1+1) (build 18.0.2.1+1)
# Java VM: OpenJDK 64-Bit Server VM Temurin-18.0.2.1+1 (18.0.2.1+1, mixed mode, sharing, tiered, compressed oops, compressed class ptrs, g1 gc, windows-amd64)
# Problematic frame:
# C  [igxelpicd64.dll+0x23b386]
#
# No core dump will be written. Minidumps are not enabled by default on client versions of Windows
#
# If you would like to submit a bug report, please visit:
#   https://github.com/adoptium/adoptium-support/issues
#

---------------  S U M M A R Y ------------

Command Line: -Duser.language=en_US -Dfile.encoding=UTF-8 org.uqbar.project.wollok.launch.WollokLauncher -requestsPort 0 -eventsPort 0 -folder -dontValidate -wf src/program.wpgm

Host: 11th Gen Intel(R) Core(TM) i5-1135G7 @ 2.40GHz, 8 cores, 7G,  Windows 11 , 64 bit Build 22000 (10.0.22000.708)
Time: Thu Oct 27 23:14:21 2022 Argentina Standard Time elapsed time: 2.529441 seconds (0d 0h 0m 2s)

---------------  T H R E A D  ---------------

Current thread (0x000002a2b646c590):  VMThread "VM Thread" [stack: 0x000000b631a00000,0x000000b631b00000] [id=17076]

Stack: [0x000000b631a00000,0x000000b631b00000],  sp=0x000000b631afe870,  free space=1018k
Native frames: (J=compiled Java code, j=interpreted, Vv=VM code, C=native code)
C  [igxelpicd64.dll+0x23b386]


siginfo: EXCEPTION_ACCESS_VIOLATION (0xc0000005), reading address 0x0000000000035468


Register to memory mapping:

RIP=0x00007ffe1a4bb386 igxelpicd64.dll
RAX=0x000002a2da2dac00 points into unknown readable memory: 0x00000000000000b6 | b6 00 00 00 00 00 00 00
RBX=0x000002a2dbba0c20 points into unknown readable memory: 0xffffffffffffffff | ff ff ff ff ff ff ff ff
RCX=0x0 is NULL
RDX=0x0 is NULL
RSP=0x000000b631afe870 points into unknown readable memory: 0x000002a2dbba0c20 | 20 0c ba db a2 02 00 00
RBP=0x0 is NULL
RSI=0x000002a2da2dab00 points into unknown readable memory: 0x000002a2db3223b0 | b0 23 32 db a2 02 00 00
RDI=0x000002a2d91bd2e0 points into unknown readable memory: 0x00007ffe88420a00 | 00 0a 42 88 fe 7f 00 00
R8 =0x000002a2da2dac00 points into unknown readable memory: 0x00000000000000b6 | b6 00 00 00 00 00 00 00
R9 =0x0 is NULL
R10=0x0 is NULL
R11=0x0000000000000246 is an unknown value
R12=0x000002a2da2dab00 points into unknown readable memory: 0x000002a2db3223b0 | b0 23 32 db a2 02 00 00
R13=0x0 is NULL
R14=0x000002a2da2db048 points into unknown readable memory: 0x000002a2da2d6b10 | 10 6b 2d da a2 02 00 00
R15=0x000002a2da2d6b10 points into unknown readable memory: 0x000002a2db3223b0 | b0 23 32 db a2 02 00 00


Registers:
RAX=0x000002a2da2dac00, RBX=0x000002a2dbba0c20, RCX=0x0000000000000000, RDX=0x0000000000000000
RSP=0x000000b631afe870, RBP=0x0000000000000000, RSI=0x000002a2da2dab00, RDI=0x000002a2d91bd2e0
R8 =0x000002a2da2dac00, R9 =0x0000000000000000, R10=0x0000000000000000, R11=0x0000000000000246
R12=0x000002a2da2dab00, R13=0x0000000000000000, R14=0x000002a2da2db048, R15=0x000002a2da2d6b10
RIP=0x00007ffe1a4bb386, EFLAGS=0x0000000000010206

Top of Stack: (sp=0x000000b631afe870)
0x000000b631afe870:   000002a2dbba0c20 000002a2d9a5c3a0
0x000000b631afe880:   0000000000006600 000002a2d9a5c3b0
0x000000b631afe890:   0000001600000000 0000000000000000
0x000000b631afe8a0:   000000000000000c 0000002c00000000
0x000000b631afe8b0:   000002a2dbba0c20 0000000000000200
0x000000b631afe8c0:   000002a2d9a5c3a0 00007ffe89d48d1a
0x000000b631afe8d0:   000002a2d9a5c3a0 0000000000000028
0x000000b631afe8e0:   000002a2b41f0000 0000000000000002
0x000000b631afe8f0:   0000000000000000 0000000000000020
0x000000b631afe900:   000002a2d91bf390 00007ffe89d476e1
0x000000b631afe910:   000002a2b41f0324 000002a2b41f0150
0x000000b631afe920:   000000000000002c 00007ffe89db9d59
0x000000b631afe930:   0000000000000000 000002a202000002
0x000000b631afe940:   0000000000000018 00007ffe89db9d59
0x000000b631afe950:   000002a2d9a5c3a0 00007ffe89dc7974
0x000000b631afe960:   0000000000000000 0000000000000000 

Instructions: (pc=0x00007ffe1a4bb386)
0x00007ffe1a4bb286:   00 90 4c 8b bf 80 02 00 00 48 8b 05 9a 85 bd 00
0x00007ffe1a4bb296:   8b 80 c8 0a 00 00 89 44 24 24 c6 44 24 20 00 48
0x00007ffe1a4bb2a6:   c7 87 80 02 00 00 00 00 00 00 c7 87 88 02 00 00
0x00007ffe1a4bb2b6:   00 00 00 00 48 c7 87 a0 02 00 00 00 00 00 00 48
0x00007ffe1a4bb2c6:   c7 87 90 02 00 00 00 00 00 00 48 85 ed 75 3d 8b
0x00007ffe1a4bb2d6:   35 0d 77 cd 00 65 48 8b 04 25 58 00 00 00 b9 14
0x00007ffe1a4bb2e6:   00 00 00 48 8b 04 f0 40 38 2c 01 0f 84 c9 e7 75
0x00007ffe1a4bb2f6:   00 65 48 8b 04 25 58 00 00 00 bd 20 00 00 00 48
0x00007ffe1a4bb306:   8b 04 f0 48 8b 2c 28 48 89 6c 24 28 48 3b 2d 07
0x00007ffe1a4bb316:   9b cd 00 0f 84 9b 10 00 00 4d 85 ff 0f 84 3a 01
0x00007ffe1a4bb326:   00 00 0f 1f 84 00 00 00 00 00 49 8b f7 4d 8b e7
0x00007ffe1a4bb336:   4d 8d b7 48 05 00 00 4d 8b 3e 45 84 ed 0f 85 d9
0x00007ffe1a4bb346:   0e 00 00 8b 8f d0 01 00 00 48 8b 05 da 84 bd 00
0x00007ffe1a4bb356:   83 b8 64 03 00 00 02 75 34 4d 8d 84 24 00 01 00
0x00007ffe1a4bb366:   00 83 f9 10 0f 83 3a 01 00 00 8b c1 48 c1 e0 06
0x00007ffe1a4bb376:   49 03 c0 48 85 c0 0f 84 9b 01 00 00 48 8b 50 08
0x00007ffe1a4bb386:   48 3b 95 68 54 03 00 0f 87 b6 0e 00 00 48 83 be
0x00007ffe1a4bb396:   c0 05 00 00 00 0f 85 50 e7 75 00 44 8b 8f d0 01
0x00007ffe1a4bb3a6:   00 00 48 8b 87 e8 01 00 00 4c 8b 00 8b 8f d0 01
0x00007ffe1a4bb3b6:   00 00 48 8d 9e 00 01 00 00 83 f9 10 0f 83 1e 01
0x00007ffe1a4bb3c6:   00 00 8b c1 48 c1 e0 06 48 03 c3 48 85 c0 0f 84
0x00007ffe1a4bb3d6:   4a 01 00 00 4c 39 40 08 0f 86 40 01 00 00 48 8b
0x00007ffe1a4bb3e6:   87 80 02 00 00 49 89 06 48 89 b7 80 02 00 00 ff
0x00007ffe1a4bb3f6:   87 88 02 00 00 48 8b 4e 08 48 8b 01 ba 01 00 00
0x00007ffe1a4bb406:   00 48 8b 80 e0 02 00 00 ff 15 f4 c1 88 00 0f b7
0x00007ffe1a4bb416:   c8 48 2b c1 48 05 00 00 01 00 48 01 87 90 02 00
0x00007ffe1a4bb426:   00 48 8b 4e 08 48 8b 01 ba 01 00 00 00 48 8b 80
0x00007ffe1a4bb436:   e0 02 00 00 ff 15 c8 c1 88 00 48 01 87 a0 02 00
0x00007ffe1a4bb446:   00 0f b6 54 24 20 4d 85 ff 0f 85 db fe ff ff 84
0x00007ffe1a4bb456:   d2 0f 85 37 0f 00 00 48 8b 5c 24 40 48 8b cf 80
0x00007ffe1a4bb466:   7c 24 22 00 0f 85 40 0f 00 00 e8 3b f9 ff ff 90
0x00007ffe1a4bb476:   48 8b cb ff 15 99 bc 88 00 48 8b 8c 24 50 01 00 


Stack slot to memory mapping:
stack at sp + 0 slots: 0x000002a2dbba0c20 points into unknown readable memory: 0xffffffffffffffff | ff ff ff ff ff ff ff ff
stack at sp + 1 slots: 0x000002a2d9a5c3a0 points into unknown readable memory: 0x00000020000008d8 | d8 08 00 00 20 00 00 00
stack at sp + 2 slots: 0x0000000000006600 is an unknown value
stack at sp + 3 slots: 0x000002a2d9a5c3b0 points into unknown readable memory: 0x0000019000000a5c | 5c 0a 00 00 90 01 00 00
stack at sp + 4 slots: 0x0000001600000000 is an unknown value
stack at sp + 5 slots: 0x0 is NULL
stack at sp + 6 slots: 0x000000000000000c is an unknown value
stack at sp + 7 slots: 0x0000002c00000000 is an unknown value

VM_Operation (0x000000b6314fedf0): Exit, mode: safepoint, requested by thread 0x000002a2b63e4670


---------------  P R O C E S S  ---------------

Threads class SMR info:
_java_thread_list=0x000002a2dbaddf30, length=16, elements={
0x000002a2b63e4670, 0x000002a2d4582560, 0x000002a2d4582e10, 0x000002a2d459bc30,
0x000002a2d459c4e0, 0x000002a2d459cd90, 0x000002a2d459d640, 0x000002a2d45a8240,
0x000002a2d45b1ad0, 0x000002a2d45bf470, 0x000002a2d88b7ee0, 0x000002a2d88be410,
0x000002a2d45b3420, 0x000002a2d45b1fe0, 0x000002a2d9294360, 0x000002a2d9347e80
}

Java Threads: ( => current thread )
  0x000002a2b63e4670 JavaThread "main" [_thread_blocked, id=7288, stack(0x000000b631400000,0x000000b631500000)]
  0x000002a2d4582560 JavaThread "Reference Handler" daemon [_thread_blocked, id=15104, stack(0x000000b631b00000,0x000000b631c00000)]
  0x000002a2d4582e10 JavaThread "Finalizer" daemon [_thread_blocked, id=11908, stack(0x000000b631c00000,0x000000b631d00000)]
  0x000002a2d459bc30 JavaThread "Signal Dispatcher" daemon [_thread_blocked, id=21436, stack(0x000000b631d00000,0x000000b631e00000)]
  0x000002a2d459c4e0 JavaThread "Attach Listener" daemon [_thread_blocked, id=17340, stack(0x000000b631e00000,0x000000b631f00000)]
  0x000002a2d459cd90 JavaThread "Service Thread" daemon [_thread_blocked, id=15880, stack(0x000000b631f00000,0x000000b632000000)]
  0x000002a2d459d640 JavaThread "Monitor Deflation Thread" daemon [_thread_blocked, id=20252, stack(0x000000b632000000,0x000000b632100000)]
  0x000002a2d45a8240 JavaThread "C2 CompilerThread0" daemon [_thread_blocked, id=21340, stack(0x000000b632100000,0x000000b632200000)]
  0x000002a2d45b1ad0 JavaThread "C1 CompilerThread0" daemon [_thread_blocked, id=1684, stack(0x000000b632200000,0x000000b632300000)]
  0x000002a2d45bf470 JavaThread "Sweeper thread" daemon [_thread_blocked, id=21076, stack(0x000000b632300000,0x000000b632400000)]
  0x000002a2d88b7ee0 JavaThread "Notification Thread" daemon [_thread_blocked, id=840, stack(0x000000b632400000,0x000000b632500000)]
  0x000002a2d88be410 JavaThread "Common-Cleaner" daemon [_thread_blocked, id=13428, stack(0x000000b632600000,0x000000b632700000)]
  0x000002a2d45b3420 JavaThread "C2 CompilerThread1" daemon [_thread_blocked, id=17996, stack(0x000000b632700000,0x000000b632800000)]
  0x000002a2d45b1fe0 JavaThread "C2 CompilerThread2" daemon [_thread_blocked, id=3896, stack(0x000000b633100000,0x000000b633200000)]
  0x000002a2d9294360 JavaThread "EMF Reference Cleaner" daemon [_thread_blocked, id=8216, stack(0x000000b633200000,0x000000b633300000)]
  0x000002a2d9347e80 JavaThread "com.google.inject.internal.util.$Finalizer" daemon [_thread_blocked, id=16024, stack(0x000000b633300000,0x000000b633400000)]

Other Threads:
=>0x000002a2b646c590 VMThread "VM Thread" [stack: 0x000000b631a00000,0x000000b631b00000] [id=17076]
  0x000002a2b6443f90 WorkerThread "GC Thread#0" [stack: 0x000000b631500000,0x000000b631600000] [id=17324]
  0x000002a2d90abd80 WorkerThread "GC Thread#1" [stack: 0x000000b632800000,0x000000b632900000] [id=10064]
  0x000002a2d9027000 WorkerThread "GC Thread#2" [stack: 0x000000b632900000,0x000000b632a00000] [id=11520]
  0x000002a2d8e9e7f0 WorkerThread "GC Thread#3" [stack: 0x000000b632a00000,0x000000b632b00000] [id=17432]
  0x000002a2d90ab050 WorkerThread "GC Thread#4" [stack: 0x000000b632b00000,0x000000b632c00000] [id=11516]
  0x000002a2d956a9b0 WorkerThread "GC Thread#5" [stack: 0x000000b632c00000,0x000000b632d00000] [id=15604]
  0x000002a2d956ac50 WorkerThread "GC Thread#6" [stack: 0x000000b632d00000,0x000000b632e00000] [id=5844]
  0x000002a2d92928a0 WorkerThread "GC Thread#7" [stack: 0x000000b632e00000,0x000000b632f00000] [id=15572]
  0x000002a2b6454290 ConcurrentGCThread "G1 Main Marker" terminated
  0x000002a2b6455ba0 WorkerThread "G1 Conc#0" [stack: 0x000000b631700000,0x000000b631800000] [id=11860]
  0x000002a2d443a0c0 ConcurrentGCThread "G1 Refine#0" terminated
  0x000002a2d9026b90 ConcurrentGCThread "G1 Refine#1" terminated
  0x000002a2d91be930 ConcurrentGCThread "G1 Refine#2" terminated
  0x000002a2d443b790 ConcurrentGCThread "G1 Service" terminated

Threads with active compile tasks:
C2 CompilerThread2  
[error occurred during error reporting (printing all threads), id 0xc0000005, EXCEPTION_ACCESS_VIOLATION (0xc0000005) at pc=0x00007ffe15a373e3]

VM state: at safepoint (shutting down)

VM Mutex/Monitor currently owned by a thread:  ([mutex/lock_event])
[0x000002a2b63e01b0] Threads_lock - owner thread: 0x000002a2b646c590
[0x000002a2b63e0cf0] Heap_lock - owner thread: 0x000002a2b63e4670

Heap address: 0x0000000085a00000, size: 1958 MB, Compressed Oops mode: 32-bit

CDS archive(s) mapped at: [0x0000000800000000-0x0000000800ba0000-0x0000000800ba0000), size 12189696, SharedBaseAddress: 0x0000000800000000, ArchiveRelocationMode: 0.
Compressed class space mapped at: 0x0000000800c00000-0x0000000840c00000, reserved size: 1073741824
Narrow klass base: 0x0000000800000000, Narrow klass shift: 0, Narrow klass range: 0x100000000

GC Precious Log:
 CardTable entry size: 512
 Card Set container configuration: InlinePtr #cards 5 size 8 Array Of Cards #cards 12 size 40 Howl #buckets 4 coarsen threshold 1843 Howl Bitmap #cards 512 size 80 coarsen threshold 460 Card regions per heap region 1 cards per card region 2048
 CPUs: 8 total, 8 available
 Memory: 7831M
 Large Page Support: Disabled
 NUMA Support: Disabled
 Compressed Oops: Enabled (32-bit)
 Heap Region Size: 1M
 Heap Min Capacity: 8M
 Heap Initial Capacity: 124M
 Heap Max Capacity: 1958M
 Pre-touch: Disabled
 Parallel Workers: 8
 Concurrent Workers: 2
 Concurrent Refinement Workers: 8
 Periodic GC: Disabled

Heap:
 garbage-first heap   total 126976K, used 58005K [0x0000000085a00000, 0x0000000100000000)
  region size 1024K, 43 young (44032K), 4 survivors (4096K)
 Metaspace       used 20034K, committed 20224K, reserved 1114112K
  class space    used 2310K, committed 2432K, reserved 1048576K

Heap Regions: E=young(eden), S=young(survivor), O=old, HS=humongous(starts), HC=humongous(continues), CS=collection set, F=free, OA=open archive, CA=closed archive, TAMS=top-at-mark-start (previous, next)
|   0|0x0000000085a00000, 0x0000000085b00000, 0x0000000085b00000|100%|HS|  |TAMS 0x0000000085a00000, 0x0000000085a00000| Complete 
|   1|0x0000000085b00000, 0x0000000085c00000, 0x0000000085c00000|100%| O|  |TAMS 0x0000000085b00000, 0x0000000085b00000| Untracked 
|   2|0x0000000085c00000, 0x0000000085d00000, 0x0000000085d00000|100%| O|  |TAMS 0x0000000085c00000, 0x0000000085c00000| Untracked 
|   3|0x0000000085d00000, 0x0000000085e00000, 0x0000000085e00000|100%| O|  |TAMS 0x0000000085d00000, 0x0000000085d00000| Untracked 
|   4|0x0000000085e00000, 0x0000000085f00000, 0x0000000085f00000|100%| O|  |TAMS 0x0000000085e00000, 0x0000000085e00000| Untracked 
|   5|0x0000000085f00000, 0x0000000086000000, 0x0000000086000000|100%| O|  |TAMS 0x0000000085f00000, 0x0000000085f00000| Untracked 
|   6|0x0000000086000000, 0x0000000086100000, 0x0000000086100000|100%| O|  |TAMS 0x0000000086000000, 0x0000000086000000| Untracked 
|   7|0x0000000086100000, 0x0000000086200000, 0x0000000086200000|100%|HS|  |TAMS 0x0000000086100000, 0x0000000086100000| Complete 
|   8|0x0000000086200000, 0x0000000086300000, 0x0000000086300000|100%|HS|  |TAMS 0x0000000086200000, 0x0000000086200000| Complete 
|   9|0x0000000086300000, 0x0000000086400000, 0x0000000086400000|100%| O|  |TAMS 0x0000000086300000, 0x0000000086300000| Untracked 
|  10|0x0000000086400000, 0x0000000086500000, 0x0000000086500000|100%| O|  |TAMS 0x0000000086400000, 0x0000000086400000| Untracked 
|  11|0x0000000086500000, 0x0000000086600000, 0x0000000086600000|100%| O|  |TAMS 0x0000000086500000, 0x0000000086500000| Untracked 
|  12|0x0000000086600000, 0x0000000086700000, 0x0000000086700000|100%| O|  |TAMS 0x0000000086600000, 0x0000000086600000| Untracked 
|  13|0x0000000086700000, 0x0000000086800000, 0x0000000086800000|100%| O|  |TAMS 0x0000000086700000, 0x0000000086700000| Untracked 
|  14|0x0000000086800000, 0x00000000868a5a00, 0x0000000086900000| 64%| O|  |TAMS 0x0000000086800000, 0x0000000086800000| Untracked 
|  15|0x0000000086900000, 0x0000000086900000, 0x0000000086a00000|  0%| F|  |TAMS 0x0000000086900000, 0x0000000086900000| Untracked 
|  16|0x0000000086a00000, 0x0000000086a00000, 0x0000000086b00000|  0%| F|  |TAMS 0x0000000086a00000, 0x0000000086a00000| Untracked 
|  17|0x0000000086b00000, 0x0000000086b00000, 0x0000000086c00000|  0%| F|  |TAMS 0x0000000086b00000, 0x0000000086b00000| Untracked 
|  18|0x0000000086c00000, 0x0000000086c00000, 0x0000000086d00000|  0%| F|  |TAMS 0x0000000086c00000, 0x0000000086c00000| Untracked 
|  19|0x0000000086d00000, 0x0000000086d00000, 0x0000000086e00000|  0%| F|  |TAMS 0x0000000086d00000, 0x0000000086d00000| Untracked 
|  20|0x0000000086e00000, 0x0000000086e00000, 0x0000000086f00000|  0%| F|  |TAMS 0x0000000086e00000, 0x0000000086e00000| Untracked 
|  21|0x0000000086f00000, 0x0000000086f00000, 0x0000000087000000|  0%| F|  |TAMS 0x0000000086f00000, 0x0000000086f00000| Untracked 
|  22|0x0000000087000000, 0x0000000087000000, 0x0000000087100000|  0%| F|  |TAMS 0x0000000087000000, 0x0000000087000000| Untracked 
|  23|0x0000000087100000, 0x0000000087100000, 0x0000000087200000|  0%| F|  |TAMS 0x0000000087100000, 0x0000000087100000| Untracked 
|  24|0x0000000087200000, 0x0000000087200000, 0x0000000087300000|  0%| F|  |TAMS 0x0000000087200000, 0x0000000087200000| Untracked 
|  25|0x0000000087300000, 0x0000000087300000, 0x0000000087400000|  0%| F|  |TAMS 0x0000000087300000, 0x0000000087300000| Untracked 
|  26|0x0000000087400000, 0x0000000087400000, 0x0000000087500000|  0%| F|  |TAMS 0x0000000087400000, 0x0000000087400000| Untracked 
|  27|0x0000000087500000, 0x0000000087500000, 0x0000000087600000|  0%| F|  |TAMS 0x0000000087500000, 0x0000000087500000| Untracked 
|  28|0x0000000087600000, 0x0000000087600000, 0x0000000087700000|  0%| F|  |TAMS 0x0000000087600000, 0x0000000087600000| Untracked 
|  29|0x0000000087700000, 0x0000000087700000, 0x0000000087800000|  0%| F|  |TAMS 0x0000000087700000, 0x0000000087700000| Untracked 
|  30|0x0000000087800000, 0x0000000087800000, 0x0000000087900000|  0%| F|  |TAMS 0x0000000087800000, 0x0000000087800000| Untracked 
|  31|0x0000000087900000, 0x0000000087900000, 0x0000000087a00000|  0%| F|  |TAMS 0x0000000087900000, 0x0000000087900000| Untracked 
|  32|0x0000000087a00000, 0x0000000087a00000, 0x0000000087b00000|  0%| F|  |TAMS 0x0000000087a00000, 0x0000000087a00000| Untracked 
|  33|0x0000000087b00000, 0x0000000087b00000, 0x0000000087c00000|  0%| F|  |TAMS 0x0000000087b00000, 0x0000000087b00000| Untracked 
|  34|0x0000000087c00000, 0x0000000087c00000, 0x0000000087d00000|  0%| F|  |TAMS 0x0000000087c00000, 0x0000000087c00000| Untracked 
|  35|0x0000000087d00000, 0x0000000087d00000, 0x0000000087e00000|  0%| F|  |TAMS 0x0000000087d00000, 0x0000000087d00000| Untracked 
|  36|0x0000000087e00000, 0x0000000087e00000, 0x0000000087f00000|  0%| F|  |TAMS 0x0000000087e00000, 0x0000000087e00000| Untracked 
|  37|0x0000000087f00000, 0x0000000087f00000, 0x0000000088000000|  0%| F|  |TAMS 0x0000000087f00000, 0x0000000087f00000| Untracked 
|  38|0x0000000088000000, 0x0000000088000000, 0x0000000088100000|  0%| F|  |TAMS 0x0000000088000000, 0x0000000088000000| Untracked 
|  39|0x0000000088100000, 0x0000000088100000, 0x0000000088200000|  0%| F|  |TAMS 0x0000000088100000, 0x0000000088100000| Untracked 
|  40|0x0000000088200000, 0x0000000088200000, 0x0000000088300000|  0%| F|  |TAMS 0x0000000088200000, 0x0000000088200000| Untracked 
|  41|0x0000000088300000, 0x0000000088300000, 0x0000000088400000|  0%| F|  |TAMS 0x0000000088300000, 0x0000000088300000| Untracked 
|  42|0x0000000088400000, 0x0000000088400000, 0x0000000088500000|  0%| F|  |TAMS 0x0000000088400000, 0x0000000088400000| Untracked 
|  43|0x0000000088500000, 0x0000000088500000, 0x0000000088600000|  0%| F|  |TAMS 0x0000000088500000, 0x0000000088500000| Untracked 
|  44|0x0000000088600000, 0x0000000088600000, 0x0000000088700000|  0%| F|  |TAMS 0x0000000088600000, 0x0000000088600000| Untracked 
|  45|0x0000000088700000, 0x0000000088700000, 0x0000000088800000|  0%| F|  |TAMS 0x0000000088700000, 0x0000000088700000| Untracked 
|  46|0x0000000088800000, 0x0000000088800000, 0x0000000088900000|  0%| F|  |TAMS 0x0000000088800000, 0x0000000088800000| Untracked 
|  47|0x0000000088900000, 0x0000000088900000, 0x0000000088a00000|  0%| F|  |TAMS 0x0000000088900000, 0x0000000088900000| Untracked 
|  48|0x0000000088a00000, 0x0000000088a00000, 0x0000000088b00000|  0%| F|  |TAMS 0x0000000088a00000, 0x0000000088a00000| Untracked 
|  49|0x0000000088b00000, 0x0000000088b00000, 0x0000000088c00000|  0%| F|  |TAMS 0x0000000088b00000, 0x0000000088b00000| Untracked 
|  50|0x0000000088c00000, 0x0000000088c00000, 0x0000000088d00000|  0%| F|  |TAMS 0x0000000088c00000, 0x0000000088c00000| Untracked 
|  51|0x0000000088d00000, 0x0000000088d00000, 0x0000000088e00000|  0%| F|  |TAMS 0x0000000088d00000, 0x0000000088d00000| Untracked 
|  52|0x0000000088e00000, 0x0000000088e00000, 0x0000000088f00000|  0%| F|  |TAMS 0x0000000088e00000, 0x0000000088e00000| Untracked 
|  53|0x0000000088f00000, 0x0000000088f00000, 0x0000000089000000|  0%| F|  |TAMS 0x0000000088f00000, 0x0000000088f00000| Untracked 
|  54|0x0000000089000000, 0x0000000089000000, 0x0000000089100000|  0%| F|  |TAMS 0x0000000089000000, 0x0000000089000000| Untracked 
|  55|0x0000000089100000, 0x0000000089100000, 0x0000000089200000|  0%| F|  |TAMS 0x0000000089100000, 0x0000000089100000| Untracked 
|  56|0x0000000089200000, 0x0000000089200000, 0x0000000089300000|  0%| F|  |TAMS 0x0000000089200000, 0x0000000089200000| Untracked 
|  57|0x0000000089300000, 0x0000000089300000, 0x0000000089400000|  0%| F|  |TAMS 0x0000000089300000, 0x0000000089300000| Untracked 
|  58|0x0000000089400000, 0x0000000089400000, 0x0000000089500000|  0%| F|  |TAMS 0x0000000089400000, 0x0000000089400000| Untracked 
|  59|0x0000000089500000, 0x0000000089500000, 0x0000000089600000|  0%| F|  |TAMS 0x0000000089500000, 0x0000000089500000| Untracked 
|  60|0x0000000089600000, 0x0000000089600000, 0x0000000089700000|  0%| F|  |TAMS 0x0000000089600000, 0x0000000089600000| Untracked 
|  61|0x0000000089700000, 0x0000000089700000, 0x0000000089800000|  0%| F|  |TAMS 0x0000000089700000, 0x0000000089700000| Untracked 
|  62|0x0000000089800000, 0x0000000089800000, 0x0000000089900000|  0%| F|  |TAMS 0x0000000089800000, 0x0000000089800000| Untracked 
|  63|0x0000000089900000, 0x0000000089900000, 0x0000000089a00000|  0%| F|  |TAMS 0x0000000089900000, 0x0000000089900000| Untracked 
|  64|0x0000000089a00000, 0x0000000089a00000, 0x0000000089b00000|  0%| F|  |TAMS 0x0000000089a00000, 0x0000000089a00000| Untracked 
|  65|0x0000000089b00000, 0x0000000089b00000, 0x0000000089c00000|  0%| F|  |TAMS 0x0000000089b00000, 0x0000000089b00000| Untracked 
|  66|0x0000000089c00000, 0x0000000089c00000, 0x0000000089d00000|  0%| F|  |TAMS 0x0000000089c00000, 0x0000000089c00000| Untracked 
|  67|0x0000000089d00000, 0x0000000089d00000, 0x0000000089e00000|  0%| F|  |TAMS 0x0000000089d00000, 0x0000000089d00000| Untracked 
|  68|0x0000000089e00000, 0x0000000089e00000, 0x0000000089f00000|  0%| F|  |TAMS 0x0000000089e00000, 0x0000000089e00000| Untracked 
|  69|0x0000000089f00000, 0x0000000089f00000, 0x000000008a000000|  0%| F|  |TAMS 0x0000000089f00000, 0x0000000089f00000| Untracked 
|  70|0x000000008a000000, 0x000000008a000000, 0x000000008a100000|  0%| F|  |TAMS 0x000000008a000000, 0x000000008a000000| Untracked 
|  71|0x000000008a100000, 0x000000008a100000, 0x000000008a200000|  0%| F|  |TAMS 0x000000008a100000, 0x000000008a100000| Untracked 
|  72|0x000000008a200000, 0x000000008a200000, 0x000000008a300000|  0%| F|  |TAMS 0x000000008a200000, 0x000000008a200000| Untracked 
|  73|0x000000008a300000, 0x000000008a300000, 0x000000008a400000|  0%| F|  |TAMS 0x000000008a300000, 0x000000008a300000| Untracked 
|  74|0x000000008a400000, 0x000000008a400000, 0x000000008a500000|  0%| F|  |TAMS 0x000000008a400000, 0x000000008a400000| Untracked 
|  75|0x000000008a500000, 0x000000008a500000, 0x000000008a600000|  0%| F|  |TAMS 0x000000008a500000, 0x000000008a500000| Untracked 
|  76|0x000000008a600000, 0x000000008a600000, 0x000000008a700000|  0%| F|  |TAMS 0x000000008a600000, 0x000000008a600000| Untracked 
|  77|0x000000008a700000, 0x000000008a700000, 0x000000008a800000|  0%| F|  |TAMS 0x000000008a700000, 0x000000008a700000| Untracked 
|  78|0x000000008a800000, 0x000000008a8ffcc0, 0x000000008a900000| 99%| S|CS|TAMS 0x000000008a800000, 0x000000008a800000| Complete 
|  79|0x000000008a900000, 0x000000008aa00000, 0x000000008aa00000|100%| S|CS|TAMS 0x000000008a900000, 0x000000008a900000| Complete 
|  80|0x000000008aa00000, 0x000000008ab00000, 0x000000008ab00000|100%| S|CS|TAMS 0x000000008aa00000, 0x000000008aa00000| Complete 
|  81|0x000000008ab00000, 0x000000008ac00000, 0x000000008ac00000|100%| S|CS|TAMS 0x000000008ab00000, 0x000000008ab00000| Complete 
|  82|0x000000008ac00000, 0x000000008ac00000, 0x000000008ad00000|  0%| F|  |TAMS 0x000000008ac00000, 0x000000008ac00000| Untracked 
|  83|0x000000008ad00000, 0x000000008ad00000, 0x000000008ae00000|  0%| F|  |TAMS 0x000000008ad00000, 0x000000008ad00000| Untracked 
|  84|0x000000008ae00000, 0x000000008ae00000, 0x000000008af00000|  0%| F|  |TAMS 0x000000008ae00000, 0x000000008ae00000| Untracked 
|  85|0x000000008af00000, 0x000000008af80800, 0x000000008b000000| 50%| E|  |TAMS 0x000000008af00000, 0x000000008af00000| Complete 
|  86|0x000000008b000000, 0x000000008b100000, 0x000000008b100000|100%| E|CS|TAMS 0x000000008b000000, 0x000000008b000000| Complete 
|  87|0x000000008b100000, 0x000000008b200000, 0x000000008b200000|100%| E|CS|TAMS 0x000000008b100000, 0x000000008b100000| Complete 
|  88|0x000000008b200000, 0x000000008b300000, 0x000000008b300000|100%| E|CS|TAMS 0x000000008b200000, 0x000000008b200000| Complete 
|  89|0x000000008b300000, 0x000000008b400000, 0x000000008b400000|100%| E|CS|TAMS 0x000000008b300000, 0x000000008b300000| Complete 
|  90|0x000000008b400000, 0x000000008b500000, 0x000000008b500000|100%| E|CS|TAMS 0x000000008b400000, 0x000000008b400000| Complete 
|  91|0x000000008b500000, 0x000000008b600000, 0x000000008b600000|100%| E|CS|TAMS 0x000000008b500000, 0x000000008b500000| Complete 
|  92|0x000000008b600000, 0x000000008b700000, 0x000000008b700000|100%| E|CS|TAMS 0x000000008b600000, 0x000000008b600000| Complete 
|  93|0x000000008b700000, 0x000000008b800000, 0x000000008b800000|100%| E|CS|TAMS 0x000000008b700000, 0x000000008b700000| Complete 
|  94|0x000000008b800000, 0x000000008b900000, 0x000000008b900000|100%| E|CS|TAMS 0x000000008b800000, 0x000000008b800000| Complete 
|  95|0x000000008b900000, 0x000000008ba00000, 0x000000008ba00000|100%| E|CS|TAMS 0x000000008b900000, 0x000000008b900000| Complete 
|  96|0x000000008ba00000, 0x000000008bb00000, 0x000000008bb00000|100%| E|CS|TAMS 0x000000008ba00000, 0x000000008ba00000| Complete 
|  97|0x000000008bb00000, 0x000000008bc00000, 0x000000008bc00000|100%| E|CS|TAMS 0x000000008bb00000, 0x000000008bb00000| Complete 
|  98|0x000000008bc00000, 0x000000008bd00000, 0x000000008bd00000|100%| E|CS|TAMS 0x000000008bc00000, 0x000000008bc00000| Complete 
|  99|0x000000008bd00000, 0x000000008be00000, 0x000000008be00000|100%| E|CS|TAMS 0x000000008bd00000, 0x000000008bd00000| Complete 
| 100|0x000000008be00000, 0x000000008bf00000, 0x000000008bf00000|100%| E|CS|TAMS 0x000000008be00000, 0x000000008be00000| Complete 
| 101|0x000000008bf00000, 0x000000008c000000, 0x000000008c000000|100%| E|CS|TAMS 0x000000008bf00000, 0x000000008bf00000| Complete 
| 102|0x000000008c000000, 0x000000008c100000, 0x000000008c100000|100%| E|CS|TAMS 0x000000008c000000, 0x000000008c000000| Complete 
| 103|0x000000008c100000, 0x000000008c200000, 0x000000008c200000|100%| E|CS|TAMS 0x000000008c100000, 0x000000008c100000| Complete 
| 104|0x000000008c200000, 0x000000008c300000, 0x000000008c300000|100%| E|CS|TAMS 0x000000008c200000, 0x000000008c200000| Complete 
| 105|0x000000008c300000, 0x000000008c400000, 0x000000008c400000|100%| E|CS|TAMS 0x000000008c300000, 0x000000008c300000| Complete 
| 106|0x000000008c400000, 0x000000008c500000, 0x000000008c500000|100%| E|CS|TAMS 0x000000008c400000, 0x000000008c400000| Complete 
| 107|0x000000008c500000, 0x000000008c600000, 0x000000008c600000|100%| E|CS|TAMS 0x000000008c500000, 0x000000008c500000| Complete 
| 108|0x000000008c600000, 0x000000008c700000, 0x000000008c700000|100%| E|CS|TAMS 0x000000008c600000, 0x000000008c600000| Complete 
| 109|0x000000008c700000, 0x000000008c800000, 0x000000008c800000|100%| E|CS|TAMS 0x000000008c700000, 0x000000008c700000| Complete 
| 110|0x000000008c800000, 0x000000008c900000, 0x000000008c900000|100%| E|CS|TAMS 0x000000008c800000, 0x000000008c800000| Complete 
| 111|0x000000008c900000, 0x000000008ca00000, 0x000000008ca00000|100%| E|CS|TAMS 0x000000008c900000, 0x000000008c900000| Complete 
| 112|0x000000008ca00000, 0x000000008cb00000, 0x000000008cb00000|100%| E|CS|TAMS 0x000000008ca00000, 0x000000008ca00000| Complete 
| 113|0x000000008cb00000, 0x000000008cc00000, 0x000000008cc00000|100%| E|CS|TAMS 0x000000008cb00000, 0x000000008cb00000| Complete 
| 114|0x000000008cc00000, 0x000000008cd00000, 0x000000008cd00000|100%| E|CS|TAMS 0x000000008cc00000, 0x000000008cc00000| Complete 
| 115|0x000000008cd00000, 0x000000008ce00000, 0x000000008ce00000|100%| E|CS|TAMS 0x000000008cd00000, 0x000000008cd00000| Complete 
| 116|0x000000008ce00000, 0x000000008cf00000, 0x000000008cf00000|100%| E|CS|TAMS 0x000000008ce00000, 0x000000008ce00000| Complete 
| 117|0x000000008cf00000, 0x000000008d000000, 0x000000008d000000|100%| E|CS|TAMS 0x000000008cf00000, 0x000000008cf00000| Complete 
| 118|0x000000008d000000, 0x000000008d100000, 0x000000008d100000|100%| E|CS|TAMS 0x000000008d000000, 0x000000008d000000| Complete 
| 119|0x000000008d100000, 0x000000008d200000, 0x000000008d200000|100%| E|CS|TAMS 0x000000008d100000, 0x000000008d100000| Complete 
| 120|0x000000008d200000, 0x000000008d300000, 0x000000008d300000|100%| E|CS|TAMS 0x000000008d200000, 0x000000008d200000| Complete 
| 121|0x000000008d300000, 0x000000008d400000, 0x000000008d400000|100%| E|CS|TAMS 0x000000008d300000, 0x000000008d300000| Complete 
| 122|0x000000008d400000, 0x000000008d500000, 0x000000008d500000|100%| E|CS|TAMS 0x000000008d400000, 0x000000008d400000| Complete 
| 123|0x000000008d500000, 0x000000008d600000, 0x000000008d600000|100%| E|CS|TAMS 0x000000008d500000, 0x000000008d500000| Complete 

Card table byte_map: [0x000002a2cd690000,0x000002a2cda70000] _byte_map_base: 0x000002a2cd263000

Marking Bits (Prev, Next): (CMBitMap*) 0x000002a2b64444a0, (CMBitMap*) 0x000002a2b64444e0
 Prev Bits: [0x000002a2cde50000, 0x000002a2cfce8000)
 Next Bits: [0x000002a2cfcf0000, 0x000002a2d1b88000)

Polling page: 0x000002a2b4360000

Metaspace:

Usage:
  Non-class:     17.31 MB used.
      Class:      2.26 MB used.
       Both:     19.57 MB used.

Virtual space:
  Non-class space:       64.00 MB reserved,      17.38 MB ( 27%) committed,  1 nodes.
      Class space:        1.00 GB reserved,       2.38 MB ( <1%) committed,  1 nodes.
             Both:        1.06 GB reserved,      19.75 MB (  2%) committed. 

Chunk freelists:
   Non-Class:  2.44 MB
       Class:  1.52 MB
        Both:  3.95 MB

MaxMetaspaceSize: unlimited
CompressedClassSpaceSize: 1.00 GB
Initial GC threshold: 21.00 MB
Current GC threshold: 21.00 MB
CDS: on
MetaspaceReclaimPolicy: balanced
 - commit_granule_bytes: 65536.
 - commit_granule_words: 8192.
 - virtual_space_node_default_size: 8388608.
 - enlarge_chunks_in_place: 1.
 - new_chunks_are_fully_committed: 0.
 - uncommit_free_chunks: 1.
 - use_allocation_guard: 0.


Internal statistics:

num_allocs_failed_limit: 0.
num_arena_births: 142.
num_arena_deaths: 0.
num_vsnodes_births: 2.
num_vsnodes_deaths: 0.
num_space_committed: 314.
num_space_uncommitted: 0.
num_chunks_returned_to_freelist: 0.
num_chunks_taken_from_freelist: 700.
num_chunk_merges: 0.
num_chunk_splits: 545.
num_chunks_enlarged: 471.
num_inconsistent_stats: 0.

CodeHeap 'non-profiled nmethods': size=120000Kb used=1827Kb max_used=1827Kb free=118172Kb
 bounds [0x000002a2c5a50000, 0x000002a2c5cc0000, 0x000002a2ccf80000]
CodeHeap 'profiled nmethods': size=120000Kb used=7154Kb max_used=7154Kb free=112845Kb
 bounds [0x000002a2be520000, 0x000002a2bec20000, 0x000002a2c5a50000]
CodeHeap 'non-nmethods': size=5760Kb used=1365Kb max_used=1396Kb free=4394Kb
 bounds [0x000002a2bdf80000, 0x000002a2be1f0000, 0x000002a2be520000]
 total_blobs=4239 nmethods=3556 adapters=595
 compilation: enabled
              stopped_count=0, restarted_count=0
 full_count=0

Compilation events (20 events):
Event: 2.459 Thread 0x000002a2d45b1ad0 3567       3       org.uqbar.project.wollok.interpreter.WollokClassFinder$1::apply (9 bytes)
Event: 2.460 Thread 0x000002a2d45b1ad0 nmethod 3567 0x000002a2bec14510 code [0x000002a2bec14700, 0x000002a2bec14d18]
Event: 2.460 Thread 0x000002a2d45b1ad0 3568       3       org.uqbar.project.wollok.interpreter.WollokClassFinder$1::apply (19 bytes)
Event: 2.460 Thread 0x000002a2d45b1ad0 nmethod 3568 0x000002a2bec14f90 code [0x000002a2bec15160, 0x000002a2bec155f8]
Event: 2.460 Thread 0x000002a2d45b1ad0 3569       3       org.uqbar.project.wollok.model.WMethodContainerExtensions::getClassParent (103 bytes)
Event: 2.461 Thread 0x000002a2d45b3420 3574       4       org.eclipse.xtext.nodemodel.impl.SyntheticCompositeNode::getParent (31 bytes)
Event: 2.461 Thread 0x000002a2d45b1ad0 nmethod 3569 0x000002a2bec15810 code [0x000002a2bec15bc0, 0x000002a2bec17628]
Event: 2.461 Thread 0x000002a2d45b1ad0 3572       3       org.uqbar.project.wollok.model.WollokModelExtensions::method (116 bytes)
Event: 2.461 Thread 0x000002a2d45b3420 nmethod 3574 0x000002a2c5c18910 code [0x000002a2c5c18aa0, 0x000002a2c5c18bb8]
Event: 2.462 Thread 0x000002a2d45b1ad0 nmethod 3572 0x000002a2bec17e90 code [0x000002a2bec18220, 0x000002a2bec19dd8]
Event: 2.462 Thread 0x000002a2d45b1ad0 3573       3       org.eclipse.xtext.nodemodel.impl.BasicNodeTreeIterator::previous (39 bytes)
Event: 2.462 Thread 0x000002a2d45b1ad0 nmethod 3573 0x000002a2bec1a410 code [0x000002a2bec1a5e0, 0x000002a2bec1a9b8]
Event: 2.462 Thread 0x000002a2d45b1ad0 3570       3       org.eclipse.emf.common.util.SegmentSequence$StringArrayPool$AccessUnitBase::matches (9 bytes)
Event: 2.462 Thread 0x000002a2d45b1ad0 nmethod 3570 0x000002a2bec1ab10 code [0x000002a2bec1acc0, 0x000002a2bec1af88]
Event: 2.462 Thread 0x000002a2d45b1ad0 3575       3       org.uqbar.project.wollok.wollokDsl.impl.WClassImpl::getRoot (79 bytes)
Event: 2.462 Thread 0x000002a2d45b1ad0 nmethod 3575 0x000002a2bec1b090 code [0x000002a2bec1b2c0, 0x000002a2bec1c028]
Event: 2.462 Thread 0x000002a2d45b1ad0 3571       1       org.uqbar.project.wollok.wollokDsl.impl.WNamedObjectImpl::getName (5 bytes)
Event: 2.462 Thread 0x000002a2d45b1ad0 nmethod 3571 0x000002a2c5c18c90 code [0x000002a2c5c18e20, 0x000002a2c5c18ef8]
Event: 2.469 Thread 0x000002a2d45b1ad0 3576       3       java.nio.CharBuffer::array (35 bytes)
Event: 2.469 Thread 0x000002a2d45b1ad0 nmethod 3576 0x000002a2bec1c310 code [0x000002a2bec1c4e0, 0x000002a2bec1c7b8]

GC Heap History (6 events):
Event: 0.430 GC heap before
{Heap before GC invocations=0 (full 0):
 garbage-first heap   total 126976K, used 23552K [0x0000000085a00000, 0x0000000100000000)
  region size 1024K, 23 young (23552K), 0 survivors (0K)
 Metaspace       used 3751K, committed 3968K, reserved 1114112K
  class space    used 370K, committed 448K, reserved 1048576K
}
Event: 0.438 GC heap after
{Heap after GC invocations=1 (full 0):
 garbage-first heap   total 126976K, used 7479K [0x0000000085a00000, 0x0000000100000000)
  region size 1024K, 3 young (3072K), 3 survivors (3072K)
 Metaspace       used 3751K, committed 3968K, reserved 1114112K
  class space    used 370K, committed 448K, reserved 1048576K
}
Event: 0.713 GC heap before
{Heap before GC invocations=1 (full 0):
 garbage-first heap   total 126976K, used 34103K [0x0000000085a00000, 0x0000000100000000)
  region size 1024K, 26 young (26624K), 3 survivors (3072K)
 Metaspace       used 6148K, committed 6336K, reserved 1114112K
  class space    used 716K, committed 832K, reserved 1048576K
}
Event: 0.723 GC heap after
{Heap after GC invocations=2 (full 0):
 garbage-first heap   total 126976K, used 14993K [0x0000000085a00000, 0x0000000100000000)
  region size 1024K, 4 young (4096K), 4 survivors (4096K)
 Metaspace       used 6148K, committed 6336K, reserved 1114112K
  class space    used 716K, committed 832K, reserved 1048576K
}
Event: 1.262 GC heap before
{Heap before GC invocations=2 (full 0):
 garbage-first heap   total 126976K, used 53905K [0x0000000085a00000, 0x0000000100000000)
  region size 1024K, 42 young (43008K), 4 survivors (4096K)
 Metaspace       used 12217K, committed 12352K, reserved 1114112K
  class space    used 1499K, committed 1536K, reserved 1048576K
}
Event: 1.272 GC heap after
{Heap after GC invocations=3 (full 0):
 garbage-first heap   total 126976K, used 19093K [0x0000000085a00000, 0x0000000100000000)
  region size 1024K, 4 young (4096K), 4 survivors (4096K)
 Metaspace       used 12217K, committed 12352K, reserved 1114112K
  class space    used 1499K, committed 1536K, reserved 1048576K
}

Deoptimization events (20 events):
Event: 1.751 Thread 0x000002a2b63e4670 Uncommon trap: trap_request=0xffffffde fr.pc=0x000002a2c5b7efbc relative=0x000000000000079c
Event: 1.751 Thread 0x000002a2b63e4670 Uncommon trap: reason=class_check action=maybe_recompile pc=0x000002a2c5b7efbc method=org.eclipse.xtext.nodemodel.impl.NodeModelBuilder.addChild(Lorg/eclipse/xtext/nodemodel/ICompositeNode;Lorg/eclipse/xtext/nodemodel/impl/AbstractNode;)V @ 6 c2
Event: 1.751 Thread 0x000002a2b63e4670 DEOPT PACKING pc=0x000002a2c5b7efbc sp=0x000000b6314fc000
Event: 1.751 Thread 0x000002a2b63e4670 DEOPT UNPACKING pc=0x000002a2bdfd5c23 sp=0x000000b6314fbf50 mode 2
Event: 1.919 Thread 0x000002a2b63e4670 Uncommon trap: trap_request=0xffffff45 fr.pc=0x000002a2c5b198e0 relative=0x0000000000000600
Event: 1.919 Thread 0x000002a2b63e4670 Uncommon trap: reason=unstable_if action=reinterpret pc=0x000002a2c5b198e0 method=jdk.internal.org.objectweb.asm.Frame.execute(IILjdk/internal/org/objectweb/asm/Symbol;Ljdk/internal/org/objectweb/asm/SymbolTable;)V @ 1 c2
Event: 1.919 Thread 0x000002a2b63e4670 DEOPT PACKING pc=0x000002a2c5b198e0 sp=0x000000b6314fa460
Event: 1.919 Thread 0x000002a2b63e4670 DEOPT UNPACKING pc=0x000002a2bdfd5c23 sp=0x000000b6314fa3c8 mode 2
Event: 1.942 Thread 0x000002a2b63e4670 Uncommon trap: trap_request=0xffffffc6 fr.pc=0x000002a2c5aebd38 relative=0x0000000000000e38
Event: 1.942 Thread 0x000002a2b63e4670 Uncommon trap: reason=bimorphic_or_optimized_type_check action=maybe_recompile pc=0x000002a2c5aebd38 method=java.util.HashMap.putVal(ILjava/lang/Object;Ljava/lang/Object;ZZ)Ljava/lang/Object; @ 203 c2
Event: 1.942 Thread 0x000002a2b63e4670 DEOPT PACKING pc=0x000002a2c5aebd38 sp=0x000000b6314fd010
Event: 1.942 Thread 0x000002a2b63e4670 DEOPT UNPACKING pc=0x000002a2bdfd5c23 sp=0x000000b6314fcfc0 mode 2
Event: 2.063 Thread 0x000002a2b63e4670 Uncommon trap: trap_request=0xffffff45 fr.pc=0x000002a2c5ad8280 relative=0x00000000000001c0
Event: 2.063 Thread 0x000002a2b63e4670 Uncommon trap: reason=unstable_if action=reinterpret pc=0x000002a2c5ad8280 method=java.io.WinNTFileSystem.normalize(Ljava/lang/String;)Ljava/lang/String; @ 128 c2
Event: 2.063 Thread 0x000002a2b63e4670 DEOPT PACKING pc=0x000002a2c5ad8280 sp=0x000000b6314fb3f0
Event: 2.063 Thread 0x000002a2b63e4670 DEOPT UNPACKING pc=0x000002a2bdfd5c23 sp=0x000000b6314fb368 mode 2
Event: 2.414 Thread 0x000002a2d9fffde0 Uncommon trap: trap_request=0xffffff45 fr.pc=0x000002a2c5b3b71c relative=0x000000000000035c
Event: 2.414 Thread 0x000002a2d9fffde0 Uncommon trap: reason=unstable_if action=reinterpret pc=0x000002a2c5b3b71c method=java.lang.Integer.parseInt(Ljava/lang/String;I)I @ 119 c2
Event: 2.414 Thread 0x000002a2d9fffde0 DEOPT PACKING pc=0x000002a2c5b3b71c sp=0x000000b6336fef90
Event: 2.414 Thread 0x000002a2d9fffde0 DEOPT UNPACKING pc=0x000002a2bdfd5c23 sp=0x000000b6336feef8 mode 2

Classes loaded (20 events):
Event: 2.187 Loading class java/awt/Component done
Event: 2.187 Loading class java/awt/Canvas done
Event: 2.245 Loading class sun/nio/cs/UTF_16LE$Encoder
Event: 2.245 Loading class sun/nio/cs/UnicodeEncoder
Event: 2.245 Loading class sun/nio/cs/UnicodeEncoder done
Event: 2.245 Loading class sun/nio/cs/UTF_16LE$Encoder done
Event: 2.245 Loading class sun/nio/cs/UTF_16LE$Decoder
Event: 2.245 Loading class sun/nio/cs/UnicodeDecoder
Event: 2.245 Loading class sun/nio/cs/UnicodeDecoder done
Event: 2.245 Loading class sun/nio/cs/UTF_16LE$Decoder done
Event: 2.331 Loading class java/nio/DirectDoubleBufferU
Event: 2.331 Loading class java/nio/DirectDoubleBufferU done
Event: 2.413 Loading class java/util/regex/Pattern$1
Event: 2.413 Loading class java/util/regex/Pattern$1 done
Event: 2.425 Loading class java/nio/DirectShortBufferU
Event: 2.425 Loading class java/nio/DirectShortBufferU done
Event: 2.468 Loading class java/lang/Throwable$WrappedPrintStream
Event: 2.468 Loading class java/lang/Throwable$PrintStreamOrWriter
Event: 2.468 Loading class java/lang/Throwable$PrintStreamOrWriter done
Event: 2.468 Loading class java/lang/Throwable$WrappedPrintStream done

Classes unloaded (0 events):
No events

Classes redefined (0 events):
No events

Internal exceptions (20 events):
Event: 0.878 Thread 0x000002a2b63e4670 Exception <a 'java/lang/NoSuchMethodError'{0x000000008cb5d148}: 'java.lang.Object java.lang.invoke.DirectMethodHandle$Holder.newInvokeSpecial(java.lang.Object, java.lang.Object, java.lang.Object, java.lang.Object, java.lang.Object)'> (0x000000008cb5d148) 
thrown [s\src\hotspot\share\interpreter\linkResolver.cpp, line 759]
Event: 1.247 Thread 0x000002a2b63e4670 Exception <a 'java/lang/NoSuchMethodError'{0x000000008ac503c8}: 'void java.lang.invoke.Invokers$Holder.invokeExact_MT(java.lang.Object, java.lang.Object, java.lang.Object, java.lang.Object)'> (0x000000008ac503c8) 
thrown [s\src\hotspot\share\interpreter\linkResolver.cpp, line 759]
Event: 1.285 Thread 0x000002a2b63e4670 Exception <a 'java/lang/NoSuchMethodError'{0x000000008d413548}: 'void java.lang.invoke.DelegatingMethodHandle$Holder.reinvoke_L(java.lang.Object, java.lang.Object, int)'> (0x000000008d413548) 
thrown [s\src\hotspot\share\interpreter\linkResolver.cpp, line 759]
Event: 1.286 Thread 0x000002a2b63e4670 Exception <a 'java/lang/NoSuchMethodError'{0x000000008d41a668}: 'void java.lang.invoke.Invokers$Holder.invokeExact_MT(java.lang.Object, java.lang.Object, int, java.lang.Object)'> (0x000000008d41a668) 
thrown [s\src\hotspot\share\interpreter\linkResolver.cpp, line 759]
Event: 1.328 Thread 0x000002a2b63e4670 Implicit null exception at 0x000002a2c5a982d2 to 0x000002a2c5a98838
Event: 1.444 Thread 0x000002a2b63e4670 Exception <a 'java/io/FileNotFoundException'{0x000000008ce94e00}> (0x000000008ce94e00) 
thrown [s\src\hotspot\share\prims\jni.cpp, line 516]
Event: 1.521 Thread 0x000002a2b63e4670 Exception <a 'java/lang/NoSuchMethodError'{0x000000008ccdf3d8}: 'java.lang.Object java.lang.invoke.DirectMethodHandle$Holder.invokeVirtual(java.lang.Object, java.lang.Object, java.lang.Object, java.lang.Object)'> (0x000000008ccdf3d8) 
thrown [s\src\hotspot\share\interpreter\linkResolver.cpp, line 759]
Event: 1.528 Thread 0x000002a2b63e4670 Exception <a 'java/lang/NoSuchMethodError'{0x000000008cb17270}: 'void java.lang.invoke.DirectMethodHandle$Holder.invokeStatic(java.lang.Object, java.lang.Object, java.lang.Object, java.lang.Object)'> (0x000000008cb17270) 
thrown [s\src\hotspot\share\interpreter\linkResolver.cpp, line 759]
Event: 1.698 Thread 0x000002a2b63e4670 Exception <a 'java/lang/NoSuchMethodError'{0x000000008c566618}: 'java.lang.Object java.lang.invoke.DirectMethodHandle$Holder.invokeVirtual(java.lang.Object, java.lang.Object, java.lang.Object)'> (0x000000008c566618) 
thrown [s\src\hotspot\share\interpreter\linkResolver.cpp, line 759]
Event: 1.703 Thread 0x000002a2b63e4670 Implicit null exception at 0x000002a2c5b69b5e to 0x000002a2c5b6b188
Event: 1.723 Thread 0x000002a2b63e4670 Implicit null exception at 0x000002a2c5b55dd0 to 0x000002a2c5b55efc
Event: 1.749 Thread 0x000002a2b63e4670 Exception <a 'java/io/FileNotFoundException'{0x000000008c3d5218}> (0x000000008c3d5218) 
thrown [s\src\hotspot\share\prims\jni.cpp, line 516]
Event: 1.751 Thread 0x000002a2b63e4670 Exception <a 'java/io/FileNotFoundException'{0x000000008c3df5f0}> (0x000000008c3df5f0) 
thrown [s\src\hotspot\share\prims\jni.cpp, line 516]
Event: 1.755 Thread 0x000002a2b63e4670 Exception <a 'java/io/FileNotFoundException'{0x000000008c203470}> (0x000000008c203470) 
thrown [s\src\hotspot\share\prims\jni.cpp, line 516]
Event: 1.917 Thread 0x000002a2b63e4670 Exception <a 'java/lang/NoSuchMethodError'{0x000000008bcdf530}: 'int java.lang.invoke.DirectMethodHandle$Holder.invokeVirtual(java.lang.Object, java.lang.Object, java.lang.Object)'> (0x000000008bcdf530) 
thrown [s\src\hotspot\share\interpreter\linkResolver.cpp, line 759]
Event: 1.918 Thread 0x000002a2b63e4670 Exception <a 'java/lang/NoSuchMethodError'{0x000000008bce45d0}: 'int java.lang.invoke.DirectMethodHandle$Holder.invokeSpecial(java.lang.Object, java.lang.Object, java.lang.Object, java.lang.Object)'> (0x000000008bce45d0) 
thrown [s\src\hotspot\share\interpreter\linkResolver.cpp, line 759]
Event: 2.023 Thread 0x000002a2b63e4670 Exception <a 'java/lang/NoSuchMethodError'{0x000000008b7bf428}: 'int java.lang.invoke.DirectMethodHandle$Holder.invokeVirtual(java.lang.Object, java.lang.Object)'> (0x000000008b7bf428) 
thrown [s\src\hotspot\share\interpreter\linkResolver.cpp, line 759]
Event: 2.028 Thread 0x000002a2b63e4670 Exception <a 'java/lang/NoSuchMethodError'{0x000000008b7ce3a8}: 'java.lang.Object java.lang.invoke.DirectMethodHandle$Holder.invokeStaticInit(java.lang.Object, int, int, int, int)'> (0x000000008b7ce3a8) 
thrown [s\src\hotspot\share\interpreter\linkResolver.cpp, line 759]
Event: 2.069 Thread 0x000002a2b63e4670 Exception <a 'java/lang/NoSuchMethodError'{0x000000008b647338}: 'java.lang.Object java.lang.invoke.DirectMethodHandle$Holder.invokeStaticInit(java.lang.Object, java.lang.Object, int, int, int, int)'> (0x000000008b647338) 
thrown [s\src\hotspot\share\interpreter\linkResolver.cpp, line 759]
Event: 2.163 Thread 0x000002a2b63e4670 Exception <a 'java/lang/NoSuchMethodError'{0x000000008b56ed30}: 'int java.lang.invoke.Invokers$Holder.invokeExact_MT(java.lang.Object, java.lang.Object)'> (0x000000008b56ed30) 
thrown [s\src\hotspot\share\interpreter\linkResolver.cpp, line 759]

VM Operations (20 events):
Event: 1.455 Executing VM operation: HandshakeAllThreads done
Event: 1.455 Executing VM operation: HandshakeAllThreads
Event: 1.455 Executing VM operation: HandshakeAllThreads done
Event: 1.520 Executing VM operation: ICBufferFull
Event: 1.521 Executing VM operation: ICBufferFull done
Event: 1.541 Executing VM operation: HandshakeAllThreads
Event: 1.541 Executing VM operation: HandshakeAllThreads done
Event: 1.566 Executing VM operation: HandshakeAllThreads
Event: 1.567 Executing VM operation: HandshakeAllThreads done
Event: 1.688 Executing VM operation: ICBufferFull
Event: 1.688 Executing VM operation: ICBufferFull done
Event: 1.747 Executing VM operation: ICBufferFull
Event: 1.747 Executing VM operation: ICBufferFull done
Event: 1.882 Executing VM operation: HandshakeAllThreads
Event: 1.882 Executing VM operation: HandshakeAllThreads done
Event: 1.886 Executing VM operation: ICBufferFull
Event: 1.887 Executing VM operation: ICBufferFull done
Event: 2.095 Executing VM operation: HandshakeAllThreads
Event: 2.095 Executing VM operation: HandshakeAllThreads done
Event: 2.475 Executing VM operation: Exit

Events (20 events):
Event: 0.026 Thread 0x000002a2d45bf470 Thread added: 0x000002a2d45bf470
Event: 0.059 Thread 0x000002a2d88b7ee0 Thread added: 0x000002a2d88b7ee0
Event: 0.062 Thread 0x000002a2d88be410 Thread added: 0x000002a2d88be410
Event: 0.065 Loaded shared library C:\Program Files\Eclipse Adoptium\jdk-18.0.2.101-hotspot\bin\net.dll
Event: 0.066 Loaded shared library C:\Program Files\Eclipse Adoptium\jdk-18.0.2.101-hotspot\bin\nio.dll
Event: 0.072 Loaded shared library C:\Program Files\Eclipse Adoptium\jdk-18.0.2.101-hotspot\bin\zip.dll
Event: 0.096 Thread 0x000002a2d45b3420 Thread added: 0x000002a2d45b3420
Event: 0.179 Loaded shared library C:\Program Files\Eclipse Adoptium\jdk-18.0.2.101-hotspot\bin\jimage.dll
Event: 0.364 Loaded shared library C:\Program Files\Eclipse Adoptium\jdk-18.0.2.101-hotspot\bin\verify.dll
Event: 0.455 Thread 0x000002a2d45b1fe0 Thread added: 0x000002a2d45b1fe0
Event: 0.555 Thread 0x000002a2d9294360 Thread added: 0x000002a2d9294360
Event: 0.886 Thread 0x000002a2d9347e80 Thread added: 0x000002a2d9347e80
Event: 2.020 Loaded shared library C:\Users\facun\AppData\Local\Temp\libgdxfacun\12dfaa03\gdx64.dll
Event: 2.093 Loaded shared library C:\Users\facun\AppData\Local\Temp\libgdxfacun\dc0f0009\lwjgl64.dll
Event: 2.173 Thread 0x000002a2d9fffde0 Thread added: 0x000002a2d9fffde0
Event: 2.469 Thread 0x000002a2d9fffde0 Thread exited: 0x000002a2d9fffde0
Event: 2.470 Thread 0x000002a2d9fffde0 Thread added: 0x000002a2d9fffde0
Event: 2.470 Thread 0x000002a2da2512f0 Thread added: 0x000002a2da2512f0
Event: 2.470 Thread 0x000002a2d9fffde0 Thread exited: 0x000002a2d9fffde0
Event: 2.475 Thread 0x000002a2da2512f0 Thread exited: 0x000002a2da2512f0


Dynamic libraries:
0x00007ff7c1b80000 - 0x00007ff7c1b8e000 	C:\Program Files\Eclipse Adoptium\jdk-18.0.2.101-hotspot\bin\javaw.exe
0x00007ffe89d20000 - 0x00007ffe89f29000 	C:\windows\SYSTEM32\ntdll.dll
0x00007ffe88d60000 - 0x00007ffe88e1d000 	C:\windows\System32\KERNEL32.DLL
0x00007ffe87660000 - 0x00007ffe879db000 	C:\windows\System32\KERNELBASE.dll
0x00007ffe879e0000 - 0x00007ffe87af1000 	C:\windows\System32\ucrtbase.dll
0x00007ffe7f2b0000 - 0x00007ffe7f2c9000 	C:\Program Files\Eclipse Adoptium\jdk-18.0.2.101-hotspot\bin\VCRUNTIME140.dll
0x00007ffe7c600000 - 0x00007ffe7c617000 	C:\Program Files\Eclipse Adoptium\jdk-18.0.2.101-hotspot\bin\jli.dll
0x00007ffe899e0000 - 0x00007ffe89b8d000 	C:\windows\System32\USER32.dll
0x00007ffe6bed0000 - 0x00007ffe6c175000 	C:\windows\WinSxS\amd64_microsoft.windows.common-controls_6595b64144ccf1df_6.0.22000.120_none_9d947278b86cc467\COMCTL32.dll
0x00007ffe87270000 - 0x00007ffe87296000 	C:\windows\System32\win32u.dll
0x00007ffe881b0000 - 0x00007ffe88253000 	C:\windows\System32\msvcrt.dll
0x00007ffe89040000 - 0x00007ffe89069000 	C:\windows\System32\GDI32.dll
0x00007ffe87540000 - 0x00007ffe87658000 	C:\windows\System32\gdi32full.dll
0x00007ffe87b00000 - 0x00007ffe87b9d000 	C:\windows\System32\msvcp_win.dll
0x00007ffe88f20000 - 0x00007ffe88f51000 	C:\windows\System32\IMM32.DLL
0x00007ffe83510000 - 0x00007ffe8351c000 	C:\Program Files\Eclipse Adoptium\jdk-18.0.2.101-hotspot\bin\vcruntime140_1.dll
0x00007ffe75c10000 - 0x00007ffe75ca1000 	C:\Program Files\Eclipse Adoptium\jdk-18.0.2.101-hotspot\bin\msvcp140.dll
0x00007ffe15230000 - 0x00007ffe15eba000 	C:\Program Files\Eclipse Adoptium\jdk-18.0.2.101-hotspot\bin\server\jvm.dll
0x00007ffe88100000 - 0x00007ffe881ae000 	C:\windows\System32\ADVAPI32.dll
0x00007ffe88060000 - 0x00007ffe880fe000 	C:\windows\System32\sechost.dll
0x00007ffe88340000 - 0x00007ffe88460000 	C:\windows\System32\RPCRT4.dll
0x00007ffe88e20000 - 0x00007ffe88e28000 	C:\windows\System32\PSAPI.DLL
0x00007ffe5bb00000 - 0x00007ffe5bb09000 	C:\windows\SYSTEM32\WSOCK32.dll
0x00007ffe7c4d0000 - 0x00007ffe7c503000 	C:\windows\SYSTEM32\WINMM.dll
0x00007ffe88e40000 - 0x00007ffe88eaf000 	C:\windows\System32\WS2_32.dll
0x00007ffe7c510000 - 0x00007ffe7c51a000 	C:\windows\SYSTEM32\VERSION.dll
0x00007ffe86270000 - 0x00007ffe86288000 	C:\windows\SYSTEM32\kernel.appcore.dll
0x00007ffe7f280000 - 0x00007ffe7f28a000 	C:\Program Files\Eclipse Adoptium\jdk-18.0.2.101-hotspot\bin\jimage.dll
0x00007ffe84ad0000 - 0x00007ffe84cf1000 	C:\windows\SYSTEM32\DBGHELP.DLL
0x00007ffe65b30000 - 0x00007ffe65b61000 	C:\windows\SYSTEM32\dbgcore.DLL
0x00007ffe871f0000 - 0x00007ffe8726f000 	C:\windows\System32\bcryptPrimitives.dll
0x00007ffe740b0000 - 0x00007ffe740d5000 	C:\Program Files\Eclipse Adoptium\jdk-18.0.2.101-hotspot\bin\java.dll
0x00007ffe4d5d0000 - 0x00007ffe4d6a6000 	C:\Program Files\Eclipse Adoptium\jdk-18.0.2.101-hotspot\bin\jsvml.dll
0x00007ffe885a0000 - 0x00007ffe88d58000 	C:\windows\System32\SHELL32.dll
0x00007ffe852e0000 - 0x00007ffe85b45000 	C:\windows\SYSTEM32\windows.storage.dll
0x00007ffe89660000 - 0x00007ffe899d7000 	C:\windows\System32\combase.dll
0x00007ffe85170000 - 0x00007ffe852d6000 	C:\windows\SYSTEM32\wintypes.dll
0x00007ffe89570000 - 0x00007ffe8965a000 	C:\windows\System32\SHCORE.dll
0x00007ffe88eb0000 - 0x00007ffe88f0d000 	C:\windows\System32\shlwapi.dll
0x00007ffe87120000 - 0x00007ffe87141000 	C:\windows\SYSTEM32\profapi.dll
0x00007ffe75d90000 - 0x00007ffe75da3000 	C:\Program Files\Eclipse Adoptium\jdk-18.0.2.101-hotspot\bin\net.dll
0x00007ffe7c820000 - 0x00007ffe7c92c000 	C:\windows\SYSTEM32\WINHTTP.dll
0x00007ffe86710000 - 0x00007ffe86777000 	C:\windows\system32\mswsock.dll
0x00007ffe74e20000 - 0x00007ffe74e36000 	C:\Program Files\Eclipse Adoptium\jdk-18.0.2.101-hotspot\bin\nio.dll
0x00007ffe66d80000 - 0x00007ffe66d98000 	C:\Program Files\Eclipse Adoptium\jdk-18.0.2.101-hotspot\bin\zip.dll
0x00007ffe7a7f0000 - 0x00007ffe7a800000 	C:\Program Files\Eclipse Adoptium\jdk-18.0.2.101-hotspot\bin\verify.dll
0x0000000065580000 - 0x0000000065616000 	C:\Users\facun\AppData\Local\Temp\libgdxfacun\12dfaa03\gdx64.dll
0x00007ffe86950000 - 0x00007ffe86968000 	C:\windows\SYSTEM32\CRYPTSP.dll
0x00007ffe861d0000 - 0x00007ffe86205000 	C:\windows\system32\rsaenh.dll
0x00007ffe86800000 - 0x00007ffe86829000 	C:\windows\SYSTEM32\USERENV.dll
0x00007ffe86b50000 - 0x00007ffe86b77000 	C:\windows\SYSTEM32\bcrypt.dll
0x00007ffe86970000 - 0x00007ffe8697c000 	C:\windows\SYSTEM32\CRYPTBASE.dll
0x00007ffe85de0000 - 0x00007ffe85e0d000 	C:\windows\SYSTEM32\IPHLPAPI.DLL
0x00007ffe88e30000 - 0x00007ffe88e39000 	C:\windows\System32\NSI.dll
0x00007ffe7c520000 - 0x00007ffe7c539000 	C:\windows\SYSTEM32\dhcpcsvc6.DLL
0x00007ffe7ca50000 - 0x00007ffe7ca6e000 	C:\windows\SYSTEM32\dhcpcsvc.DLL
0x00007ffe85e10000 - 0x00007ffe85ef8000 	C:\windows\SYSTEM32\DNSAPI.dll
0x0000000180000000 - 0x0000000180053000 	C:\Users\facun\AppData\Local\Temp\libgdxfacun\dc0f0009\lwjgl64.dll
0x00007ffe77ab0000 - 0x00007ffe77bb1000 	C:\windows\SYSTEM32\OPENGL32.dll
0x00007ffe77d00000 - 0x00007ffe77d2d000 	C:\windows\SYSTEM32\GLU32.dll
0x00007ffe84370000 - 0x00007ffe843a8000 	C:\windows\SYSTEM32\dxcore.dll
0x000002a2d4730000 - 0x000002a2d4794000 	C:\Users\facun\AppData\Local\Temp\libgdxfacun\dc0f0009\OpenAL64.dll
0x00007ffe87bb0000 - 0x00007ffe87d4a000 	C:\windows\System32\ole32.dll
0x00007ffe84290000 - 0x00007ffe8433c000 	C:\windows\system32\uxtheme.dll
0x00007ffe87f10000 - 0x00007ffe87fc5000 	C:\windows\System32\clbcatq.dll
0x00007ffe59b30000 - 0x00007ffe59bd2000 	C:\windows\SYSTEM32\dsound.dll
0x00007ffe656c0000 - 0x00007ffe656e9000 	C:\windows\SYSTEM32\winmmbase.dll
0x00007ffe870c0000 - 0x00007ffe8710d000 	C:\windows\SYSTEM32\powrprof.dll
0x00007ffe4e230000 - 0x00007ffe4e2e1000 	C:\windows\SYSTEM32\ResampleDmo.DLL
0x00007ffe88260000 - 0x00007ffe88336000 	C:\windows\System32\OLEAUT32.dll
0x00007ffe83470000 - 0x00007ffe8347b000 	C:\windows\SYSTEM32\msdmo.dll
0x00007ffe870a0000 - 0x00007ffe870b3000 	C:\windows\SYSTEM32\UMPDC.dll
0x00007ffe6c3e0000 - 0x00007ffe6c47b000 	C:\windows\System32\MMDevApi.dll
0x00007ffe86e40000 - 0x00007ffe86e6c000 	C:\windows\System32\DEVOBJ.dll
0x00007ffe86e70000 - 0x00007ffe86ebc000 	C:\windows\SYSTEM32\cfgmgr32.dll
0x00007ffe64220000 - 0x00007ffe643f3000 	C:\windows\SYSTEM32\AUDIOSES.DLL
0x00007ffe845b0000 - 0x00007ffe845c5000 	C:\windows\SYSTEM32\resourcepolicyclient.dll
0x00007ffe7d240000 - 0x00007ffe7d2f8000 	C:\windows\SYSTEM32\mscms.dll
0x00007ffe78690000 - 0x00007ffe786da000 	C:\Windows\System32\Windows.Internal.Graphics.Display.DisplayColorManagement.dll
0x00007ffe88460000 - 0x00007ffe8857d000 	C:\windows\System32\MSCTF.dll
0x00007ffe7ef40000 - 0x00007ffe7ef84000 	C:\windows\SYSTEM32\directxdatabasehelper.dll
0x00007ffe86290000 - 0x00007ffe862c4000 	C:\windows\SYSTEM32\ntmarta.dll
0x00007ffe7b660000 - 0x00007ffe7b794000 	C:\Windows\System32\AppXDeploymentClient.dll
0x00007ffe7b470000 - 0x00007ffe7b65f000 	C:\windows\SYSTEM32\urlmon.dll
0x00007ffe7b180000 - 0x00007ffe7b433000 	C:\Windows\System32\iertutil.dll
0x00007ffe7b440000 - 0x00007ffe7b468000 	C:\Windows\System32\srvcli.dll
0x00007ffe85d60000 - 0x00007ffe85d6c000 	C:\Windows\System32\netutils.dll
0x00007ffe1a280000 - 0x00007ffe1b253000 	C:\windows\System32\DriverStore\FileRepository\iigd_dch.inf_amd64_941dbad94117aa47\igxelpicd64.dll
0x00007ffe845d0000 - 0x00007ffe845ff000 	C:\windows\system32\dwmapi.dll
0x00007ffe843b0000 - 0x00007ffe844a3000 	C:\windows\system32\dxgi.dll
0x00007ffe3e7e0000 - 0x00007ffe3ec67000 	C:\windows\System32\DriverStore\FileRepository\iigd_dch.inf_amd64_941dbad94117aa47\igdml64.dll
0x00007ffe786e0000 - 0x00007ffe78aa1000 	C:\windows\System32\DriverStore\FileRepository\iigd_dch.inf_amd64_941dbad94117aa47\igdgmm64.dll
0x00007ffe74ec0000 - 0x00007ffe74fed000 	C:\windows\SYSTEM32\textinputframework.dll
0x00007ffe83e40000 - 0x00007ffe83f71000 	C:\windows\SYSTEM32\CoreMessaging.dll
0x00007ffe7e370000 - 0x00007ffe7e6dd000 	C:\windows\SYSTEM32\CoreUIComponents.dll
0x00007ffe653c0000 - 0x00007ffe65429000 	C:\windows\system32\Oleacc.dll
0x00007ffe4f190000 - 0x00007ffe4f1d4000 	C:\windows\SYSTEM32\icm32.dll
0x00007ffe70a40000 - 0x00007ffe73c46000 	C:\windows\System32\DriverStore\FileRepository\iigd_dch.inf_amd64_941dbad94117aa47\igc64.dll

dbghelp: loaded successfully - version: 4.0.5 - missing functions: none
symbol engine: initialized successfully - sym options: 0x614 - pdb path: .;C:\Program Files\Eclipse Adoptium\jdk-18.0.2.101-hotspot\bin;C:\windows\SYSTEM32;C:\windows\WinSxS\amd64_microsoft.windows.common-controls_6595b64144ccf1df_6.0.22000.120_none_9d947278b86cc467;C:\Program Files\Eclipse Adoptium\jdk-18.0.2.101-hotspot\bin\server;C:\Users\facun\AppData\Local\Temp\libgdxfacun\12dfaa03;C:\Users\facun\AppData\Local\Temp\libgdxfacun\dc0f0009;C:\windows\System32\DriverStore\FileRepository\iigd_dch.inf_amd64_941dbad94117aa47

VM Arguments:
jvm_args: -Duser.language=en_US -Dfile.encoding=UTF-8 
java_command: org.uqbar.project.wollok.launch.WollokLauncher -requestsPort 0 -eventsPort 0 -folder -dontValidate -wf src/program.wpgm
java_class_path (initial): D:\Utn\Paradigmas\Wollok\wollok-win32.win32.x86_64\workspace\carreraDeAutos\bin;D:\Utn\Paradigmas\Wollok\wollok-win32.win32.x86_64\plugins\com.ibm.icu_64.2.0.v20190507-1337.jar;D:\Utn\Paradigmas\Wollok\wollok-win32.win32.x86_64\plugins\org.eclipse.xtext_2.20.0.v20191202-0915.jar;D:\Utn\Paradigmas\Wollok\wollok-win32.win32.x86_64\plugins\org.eclipse.emf.ecore.xmi_2.16.0.v20190528-0725.jar;D:\Utn\Paradigmas\Wollok\wollok-win32.win32.x86_64\plugins\org.eclipse.emf.ecore_2.20.0.v20190920-0401.jar;D:\Utn\Paradigmas\Wollok\wollok-win32.win32.x86_64\plugins\org.eclipse.emf.common_2.17.0.v20190920-0401.jar;D:\Utn\Paradigmas\Wollok\wollok-win32.win32.x86_64\plugins\org.antlr.runtime_3.2.0.v201101311130.jar;D:\Utn\Paradigmas\Wollok\wollok-win32.win32.x86_64\plugins\com.google.inject_3.0.0.v201605172100.jar;D:\Utn\Paradigmas\Wollok\wollok-win32.win32.x86_64\plugins\org.eclipse.emf.mwe.core_1.5.1.v20191121-1148.jar;D:\Utn\Paradigmas\Wollok\wollok-win32.win32.x86_64\plugins\org.apache.commons.cli_1.2.0.v201404270220.jar;D:\Utn\Paradigmas\Wollok\wollok-win32.win32.x86_64\plugins\org.eclipse.emf.mwe2.runtime_2.11.1.v20191121-1148.jar;D:\Utn\Paradigmas\Wollok\wollok-win32.win32.x86_64\plugins\org.eclipse.emf.mwe.utils_1.5.1.v20191121-1148.jar;D:\Utn\Paradigmas\Wollok\wollok-win32.win32.x86_64\plugins\org.eclipse.xtext.util_2.20.0.v20191202-0915.jar;D:\Utn\Paradigmas\Wollok\wollok-win32.win32.x86_64\plugins\com.google.guava_27.1.0.v20190517-1946.jar;D:\Utn\Paradigmas\Wollok\wollok-win32.win32.x86_64\plugins\javax.inject_1.0.0.v20091030.jar;D:\Utn\Paradigmas\Wollok\wollok-win32.win32.x86_64\plugins\org.eclipse.xtext.generator_2.20.0.v20191202-0933.jar;D:\Utn\Paradigmas\Wollok\wollok-win32.win32.x86_64\plugins\org.eclipse.xtext.xtext.generator_2.20.0.v20191202-0915.jar;D:\Utn\Paradigmas\Wollok\wollok-win32.win32.x86_64\plugins\org.eclipse.xtext.xbase.lib_2.20.0.v20191202-0907.jar;D:\Utn\Paradigmas\Wollok\wollok-win32.win32.x86_64\plugins\org.eclipse.emf.codegen.ecore_2.20.0.v20191012-0918.jar;D:\Utn\Paradigmas\Wollok\wollok-win32.win32.x86_64\plugins\org.eclipse.emf.codegen_2.19.0.v20190821-1536.jar;D:\Utn\Paradigmas\Wollok\wollok-win32.win32.x86_64\plugins\org.eclipse.xtend_2.2.0.v201605260315.jar;D:\Utn\Paradigmas\Wollok\wollok-win32.win32.x86_64\plugins\org.eclipse.xpand_2.2.0.v201605260315.jar;D:\Utn\Paradigmas\Wollok\wollok-win32.win32.x86_64\plugins\org.eclipse.xtend.typesystem.emf_2.2.0.v201605260315.jar;D:\Utn\Paradigmas\Wollok\wollok-win32.win32.x86_64\plugins\org.uqbar.project.wollok_3.0.0.jar;D:\Utn\Paradigmas\Wollok\wollok-win32.win32.x86_64\plugins\org.eclipse.xtext.xbase_2.20.0.v20191202-0933.jar;D:\Utn\Paradigmas\Wollok\wollok-win32.win32.x86_64\plugins\org.eclipse.xtext.common.types_2.20.0.v20191202-0933.jar;D:\Utn\Paradigmas\Wollok\wollok-win32.win32.x86_64\plugins\org.eclipse.xtend.lib_2.20.0.v20191202-0907.jar;D:\Utn\Paradigmas\Wollok\wollok-win32.win32.x86_64\plugins\org.eclipse.xtend.lib.macro_2.20.0.v20191202-0907.jar;D:\Utn\Paradigmas\Wollok\wollok-win32.win32.x86_64\plugins\org.apache.commons.collections_3.2.2.v201511171945.jar;D:\Utn\Paradigmas\Wollok\wollok-win32.win32.x86_64\plugins\org.uqbar.project.wollok.launch_3.0.0.jar;D:\Utn\Paradigmas\Wollok\wollok-win32.win32.x86_64\workspace\.metadata\.plugins\org.eclipse.pde.core\.external_libraries\org.uqbar.project.wollok.launch_3.0.0\lib\lipermi-0-4-2.jar;D:\Utn\Paradigmas\Wollok\wollok-win32.win32.x86_64\workspace\.metadata\.plugins\org.eclipse.pde.core\.external_libraries\org.uqbar.project.wollok.launch_3.0.0\lib\jansi-1.11.jar;D:\Utn\Paradigmas\Wollok\wollok-win32.win32.x86_64\workspace\.metadata\.plugins\org.eclipse.pde.core\.external_libraries\org.uqbar.project.wollok.launch_3.0.0\lib\gson-2.4.jar;D:\Utn\Paradigmas\Wollok\wollok-win32.win32.x86_64\workspace\.metadata\.plugins\org.eclipse.pde.core\.external_libraries\org.uqbar.project.wollok.launch_3.0.0\lib\jetty-all-9.3.9.v20160517-uber.jar;D:\Utn\Paradigmas\Wollok\wollok-win32.win32.x86_64\plugins\org.uqbar.project.wollok.lib_3.0.0.jar;D:\Utn\Paradigmas\Wollok\wollok-win32.win32.x86_64\plugins\org.eclipse.xtext.ui_2.20.0.v20191202-1016.jar;D:\Utn\Paradigmas\Wollok\wollok-win32.win32.x86_64\plugins\org.eclipse.core.runtime_3.17.0.v20191122-2104.jar;D:\Utn\Paradigmas\Wollok\wollok-win32.win32.x86_64\plugins\org.eclipse.osgi_3.15.100.v20191114-1701.jar;D:\Utn\Paradigmas\Wollok\wollok-win32.win32.x86_64\plugins\org.eclipse.osgi.compatibility.state_1.1.600.v20190814-1451.jar;D:\Utn\Paradigmas\Wollok\wollok-win32.win32.x86_64\plugins\org.eclipse.osgi.nl_es_4.20.0.v20210630020001.jar;D:\Utn\Paradigmas\Wollok\wollok-win32.win32.x86_64\plugins\org.eclipse.equinox.common_3.10.600.v20191004-1420.jar;D:\Utn\Paradigmas\Wollok\wollok-win32.win32.x86_64\plugins\org.eclipse.core.jobs_3.10.600.v20191122-2104.jar;D:\Utn\Paradigmas\Wollok\wollok-win32.win32.x86_64\plugins\org.eclipse.equinox.registry_3.8.600.v20191017-2055.jar;D:\Utn\Paradigmas\Wollok\wollok-win32.win32.x86_64\plugins\org.eclipse.equinox.registry.nl_es_4.20.0.v20210630020001.jar;D:\Utn\Paradigmas\Wollok\wollok-win32.win32.x86_64\plugins\org.eclipse.equinox.preferences_3.7.600.v20191017-2055.jar;D:\Utn\Paradigmas\Wollok\wollok-win32.win32.x86_64\plugins\org.eclipse.core.contenttype_3.7.500.v20190916-2125.jar;D:\Utn\Paradigmas\Wollok\wollok-win32.win32.x86_64\plugins\org.eclipse.equinox.app_1.4.300.v20190815-1535.jar;D:\Utn\Paradigmas\Wollok\wollok-win32.win32.x86_64\plugins\org.eclipse.core.resources_3.13.600.v20191122-2104.jar;D:\Utn\Paradigmas\Wollok\wollok-win32.win32.x86_64\plugins\org.eclipse.ui_3.115.0.v20191127-1056.jar;D:\Utn\Paradigmas\Wollok\wollok-win32.win32.x86_64\plugins\org.eclipse.swt_3.113.0.v20191204-0601.jar;D:\Utn\Paradigmas\Wollok\wollok-win32.win32.x86_64\plugins\org.eclipse.swt.nl_es_4.20.0.v20210630020001.jar;D:\Utn\Paradigmas\Wollok\wollok-win32.win32.x86_64\plugins\org.eclipse.swt.win32.win32.x86_64_3.113.0.v20191204-0601.jar;D:\Utn\Paradigmas\Wollok\wollok-win32.win32.x86_64\plugins\org.eclipse.jface_3.18.0.v20191122-2109.jar;D:\Utn\Paradigmas\Wollok\wollok-win32.win32.x86_64\plugins\org.eclipse.core.commands_3.9.600.v20191122-2109.jar;D:\Utn\Paradigmas\Wollok\wollok-win32.win32.x86_64\plugins\org.eclipse.ui.workbench_3.117.0.v20191126-1131.jar;D:\Utn\Paradigmas\Wollok\wollok-win32.win32.x86_64\plugins\org.eclipse.e4.ui.workbench3_0.15.300.v20190926-0808.jar;D:\Utn\Paradigmas\Wollok\wollok-win32.win32.x86_64\plugins\org.eclipse.ui.editors_3.13.0.v20191203-1122.jar;D:\Utn\Paradigmas\Wollok\wollok-win32.win32.x86_64\plugins\org.eclipse.core.filebuffers_3.6.800.v20191122-2108.jar;D:\Utn\Paradigmas\Wollok\wollok-win32.win32.x86_64\plugins\org.eclipse.jface.text_3.16.100.v20191203-1634.jar;D:\Utn\Paradigmas\Wollok\wollok-win32.win32.x86_64\plugins\org.eclipse.text_3.10.0.v20191122-2108.jar;D:\Utn\Paradigmas\Wollok\wollok-win32.win32.x86_64\plugins\org.eclipse.emf.edit.ui_2.17.0.v20190920-0412.jar;D:\Utn\Paradigmas\Wollok\wollok-win32.win32.x86_64\plugins\org.eclipse.ui.views_3.10.100.v20191114-0830.jar;D:\Utn\Paradigmas\Wollok\wollok-win32.win32.x86_64\plugins\org.eclipse.emf.edit_2.16.0.v20190920-0401.jar;D:\Utn\Paradigmas\Wollok\wollok-win32.win32.x86_64\plugins\org.eclipse.emf.ecore.change_2.14.0.v20190528-0725.jar;D:\Utn\Paradigmas\Wollok\wollok-win32.win32.x86_64\plugins\org.eclipse.emf.common.ui_2.18.0.v20190507-0402.jar;D:\Utn\Paradigmas\Wollok\wollok-win32.win32.x86_64\plugins\org.eclipse.ltk.core.refactoring_3.10.300.v20191104-1954.jar;D:\Utn\Paradigmas\Wollok\wollok-win32.win32.x86_64\plugins\org.eclipse.xtext.ide_2.20.0.v20191202-0915.jar;D:\Utn\Paradigmas\Wollok\wollok-win32.win32.x86_64\plugins\org.apache.commons.logging_1.2.0.v20180409-1502.jar;D:\Utn\Paradigmas\Wollok\wollok-win32.win32.x86_64\plugins\org.apache.log4j_1.2.15.v201012070815.jar;D:\Utn\Paradigmas\Wollok\wollok-win32.win32.x86_64\plugins\org.eclipse.ui.workbench.texteditor_3.14.0.v20191122-2108.jar;D:\Utn\Paradigmas\Wollok\wollok-win32.win32.x86_64\plugins\org.uqbar.project.wollok.game_3.0.0.jar;D:\Utn\Paradigmas\Wollok\wollok-win32.win32.x86_64\workspace\.metadata\.plugins\org.eclipse.pde.core\.external_libraries\org.uqbar.project.wollok.game_3.0.0\lib\gdx-1.9.8.jar;D:\Utn\Paradigmas\Wollok\wollok-win32.win32.x86_64\workspace\.metadata\.plugins\org.eclipse.pde.core\.external_libraries\org.uqbar.project.wollok.game_3.0.0\lib\gdx-backend-lwjgl-1.9.8.jar;D:\Utn\Paradigmas\Wollok\wollok-win32.win32.x86_64\workspace\.metadata\.plugins\org.eclipse.pde.core\.external_libraries\org.uqbar.project.wollok.game_3.0.0\lib\gdx-platform-1.9.8-natives-desktop.jar;D:\Utn\Paradigmas\Wollok\wollok-win32.win32.x86_64\workspace\.metadata\.plugins\org.eclipse.pde.core\.external_libraries\org.uqbar.project.wollok.game_3.0.0\lib\jinput-2.0.5.jar;D:\Utn\Paradigmas\Wollok\wollok-win32.win32.x86_64\workspace\.metadata\.plugins\org.eclipse.pde.core\.external_libraries\org.uqbar.project.wollok.game_3.0.0\lib\jinput-platform-2.0.5-natives-linux.jar;D:\Utn\Paradigmas\Wollok\wollok-win32.win32.x86_64\workspace\.metadata\.plugins\org.eclipse.pde.core\.external_libraries\org.uqbar.project.wollok.game_3.0.0\lib\jinput-platform-2.0.5-natives-osx.jar;D:\Utn\Paradigmas\Wollok\wollok-win32.win32.x86_64\workspace\.metadata\.plugins\org.eclipse.pde.core\.external_libraries\org.uqbar.project.wollok.game_3.0.0\lib\jinput-platform-2.0.5-natives-windows.jar;D:\Utn\Paradigmas\Wollok\wollok-win32.win32.x86_64\workspace\.metadata\.plugins\org.eclipse.pde.core\.external_libraries\org.uqbar.project.wollok.game_3.0.0\lib\jlayer-1.0.1-gdx.jar;D:\Utn\Paradigmas\Wollok\wollok-win32.win32.x86_64\workspace\.metadata\.plugins\org.eclipse.pde.core\.external_libraries\org.uqbar.project.wollok.game_3.0.0\lib\jorbis-0.0.17.jar;D:\Utn\Paradigmas\Wollok\wollok-win32.win32.x86_64\workspace\.metadata\.plugins\org.eclipse.pde.core\.external_libraries\org.uqbar.project.wollok.game_3.0.0\lib\jutils-1.0.0.jar;D:\Utn\Paradigmas\Wollok\wollok-win32.win32.x86_64\workspace\.metadata\.plugins\org.eclipse.pde.core\.external_libraries\org.uqbar.project.wollok.game_3.0.0\lib\lwjgl_util-2.9.2.jar;D:\Utn\Paradigmas\Wollok\wollok-win32.win32.x86_64\workspace\.metadata\.plugins\org.eclipse.pde.core\.external_libraries\org.uqbar.project.wollok.game_3.0.0\lib\lwjgl-2.9.2.jar;D:\Utn\Paradigmas\Wollok\wollok-win32.win32.x86_64\workspace\.metadata\.plugins\org.eclipse.pde.core\.external_libraries\org.uqbar.project.wollok.game_3.0.0\lib\lwjgl-platform-2.9.2-natives-linux.jar;D:\Utn\Paradigmas\Wollok\wollok-win32.win32.x86_64\workspace\.metadata\.plugins\org.eclipse.pde.core\.external_libraries\org.uqbar.project.wollok.game_3.0.0\lib\lwjgl-platform-2.9.2-natives-osx.jar;D:\Utn\Paradigmas\Wollok\wollok-win32.win32.x86_64\workspace\.metadata\.plugins\org.eclipse.pde.core\.external_libraries\org.uqbar.project.wollok.game_3.0.0\lib\lwjgl-platform-2.9.2-natives-windows.jar;D:\Utn\Paradigmas\Wollok\wollok-win32.win32.x86_64\plugins\org.uqbar.project.xinterpreter_3.0.0.jar
Launcher Type: SUN_STANDARD

[Global flags]
     intx CICompilerCount                          = 4                                         {product} {ergonomic}
     uint ConcGCThreads                            = 2                                         {product} {ergonomic}
     uint G1ConcRefinementThreads                  = 8                                         {product} {ergonomic}
   size_t G1HeapRegionSize                         = 1048576                                   {product} {ergonomic}
    uintx GCDrainStackTargetSize                   = 64                                        {product} {ergonomic}
   size_t InitialHeapSize                          = 130023424                                 {product} {ergonomic}
   size_t MarkStackSize                            = 4194304                                   {product} {ergonomic}
   size_t MaxHeapSize                              = 2053111808                                {product} {ergonomic}
   size_t MaxNewSize                               = 1231028224                                {product} {ergonomic}
   size_t MinHeapDeltaBytes                        = 1048576                                   {product} {ergonomic}
   size_t MinHeapSize                              = 8388608                                   {product} {ergonomic}
    uintx NonNMethodCodeHeapSize                   = 5839372                                {pd product} {ergonomic}
    uintx NonProfiledCodeHeapSize                  = 122909434                              {pd product} {ergonomic}
    uintx ProfiledCodeHeapSize                     = 122909434                              {pd product} {ergonomic}
    uintx ReservedCodeCacheSize                    = 251658240                              {pd product} {ergonomic}
     bool SegmentedCodeCache                       = true                                      {product} {ergonomic}
   size_t SoftMaxHeapSize                          = 2053111808                             {manageable} {ergonomic}
     bool UseCompressedClassPointers               = true                           {product lp64_product} {ergonomic}
     bool UseCompressedOops                        = true                           {product lp64_product} {ergonomic}
     bool UseG1GC                                  = true                                      {product} {ergonomic}
     bool UseLargePagesIndividualAllocation        = false                                  {pd product} {ergonomic}

Logging:
Log output configuration:
 #0: stdout all=off uptime,level,tags foldmultilines=false
 #1: stderr all=off uptime,level,tags foldmultilines=false

Environment Variables:
PATH=C:/Program Files/Eclipse Adoptium/jdk-18.0.2.101-hotspot/bin/server;C:/Program Files/Eclipse Adoptium/jdk-18.0.2.101-hotspot/bin;C:\Program Files\Eclipse Adoptium\jdk-18.0.2.101-hotspot\bin;C:\Program Files (x86)\GnuWin32\bin;C:\MinGW\bin;C:\windows\system32;C:\windows;C:\windows\System32\Wbem;C:\windows\System32\WindowsPowerShell\v1.0\;C:\windows\System32\OpenSSH\;C:\Program Files\Git\cmd;C:\Program Files\swipl\bin;C:\Program Files\dotnet\;C:\Users\facun\AppData\Roaming\local\bin;C:\Users\facun\AppData\Local\Microsoft\WindowsApps;;C:\Users\facun\AppData\Local\Programs\Microsoft VS Code\bin;D:\Utn\Paradigmas\Wollok\wollok-win32.win32.x86_64;
USERNAME=facun
OS=Windows_NT
PROCESSOR_IDENTIFIER=Intel64 Family 6 Model 140 Stepping 1, GenuineIntel



---------------  S Y S T E M  ---------------

OS:
 Windows 11 , 64 bit Build 22000 (10.0.22000.708)
OS uptime: 2 days 0:00 hours

CPU: total 8 (initial active 8) (4 cores per cpu, 2 threads per core) family 6 model 140 stepping 1 microcode 0x9a, cx8, cmov, fxsr, ht, mmx, 3dnowpref, sse, sse2, sse3, ssse3, sse4.1, sse4.2, popcnt, lzcnt, tsc, tscinvbit, avx, avx2, aes, erms, clmul, bmi1, bmi2, adx, avx512f, avx512dq, avx512cd, avx512bw, avx512vl, sha, fma, vzeroupper, avx512_vpopcntdq, avx512_vpclmulqdq, avx512_vaes, avx512_vnni, clflush, clflushopt, clwb, avx512_vbmi2, avx512_vbmi

Memory: 4k page, system-wide physical 7831M (619M free)
TotalPageFile size 11990M (AvailPageFile size 3085M)
current process WorkingSet (physical memory assigned to process): 270M, peak: 272M
current process commit charge ("private bytes"): 338M, peak: 347M

vm_info: OpenJDK 64-Bit Server VM (18.0.2.1+1) for windows-amd64 JRE (18.0.2.1+1), built on Aug 25 2022 17:20:57 by "" with MS VC++ 16.7 (VS2019)

END.
